<?xml version="1.0" encoding="UTF-8"?>
<!-- Generated by org.testng.reporters.JUnitXMLReporter -->
<testsuite hostname="DESKTOP-7G97FLI" ignored="0" name="Globaling Test" tests="3" failures="0" timestamp="2020-06-10T17:18:02 IST" time="0.133" errors="0">
  <testcase name="@BeforeTest initlization" time="0.014" classname="SeleniumE2E.Globaling">
    <failure type="java.lang.NullPointerException">
      <![CDATA[java.lang.NullPointerException
at resources.BaseFile.initlizeDriver(BaseFile.java:33)
at SeleniumE2E.Globaling.initlization(Globaling.java:26)
at java.util.concurrent.FutureTask.run(Unknown Source)
at java.util.concurrent.ThreadPoolExecutor.runWorker(Unknown Source)
at java.util.concurrent.ThreadPoolExecutor$Worker.run(Unknown Source)
at java.lang.Thread.run(Unknown Source)
... Removed 15 stack frames]]>
    </failure>
  </testcase> <!-- @BeforeTest initlization -->
  <testcase name="@AfterTest teardown" time="-1.591789682892E9" classname="SeleniumE2E.Globaling">
    <skipped/>
  </testcase> <!-- @AfterTest teardown -->
  <testcase name="basePageNavigation" time="0.0" classname="SeleniumE2E.Globaling">
    <skipped/>
  </testcase> <!-- basePageNavigation -->
  <testcase name="basePageNavigation" time="0.0" classname="SeleniumE2E.HomePage">
    <skipped/>
  </testcase> <!-- basePageNavigation -->
  <testcase name="basePageNavigation" time="0.0" classname="SeleniumE2E.HomePage">
    <skipped/>
  </testcase> <!-- basePageNavigation -->
</testsuite> <!-- Globaling Test -->
