<?xml version="1.0" encoding="UTF-8"?>
<!-- Generated by org.testng.reporters.JUnitXMLReporter -->
<testsuite hostname="DESKTOP-7G97FLI" ignored="0" name="Globaling Test" tests="3" failures="0" timestamp="2020-06-10T13:15:55 IST" time="0.225" errors="0">
  <testcase name="@BeforeTest initlization" time="0.017" classname="SeleniumE2E.Globaling">
    <failure type="java.io.FileNotFoundException" message="null\src\main\java\resources\data.properties (The system cannot find the path specified)">
      <![CDATA[java.io.FileNotFoundException: null\src\main\java\resources\data.properties (The system cannot find the path specified)
at java.io.FileInputStream.open0(Native Method)
at java.io.FileInputStream.open(Unknown Source)
at java.io.FileInputStream.<init>(Unknown Source)
at java.io.FileInputStream.<init>(Unknown Source)
at resources.BaseFile.initlizeDriver(BaseFile.java:24)
at SeleniumE2E.Globaling.initlization(Globaling.java:26)
at java.util.concurrent.FutureTask.run(Unknown Source)
at java.util.concurrent.ThreadPoolExecutor.runWorker(Unknown Source)
at java.util.concurrent.ThreadPoolExecutor$Worker.run(Unknown Source)
at java.lang.Thread.run(Unknown Source)
... Removed 15 stack frames]]>
    </failure>
  </testcase> <!-- @BeforeTest initlization -->
  <testcase name="@AfterTest teardown" time="-1.591775155789E9" classname="SeleniumE2E.Globaling">
    <skipped/>
  </testcase> <!-- @AfterTest teardown -->
  <testcase name="basePageNavigation" time="0.0" classname="SeleniumE2E.HomePage">
    <skipped/>
  </testcase> <!-- basePageNavigation -->
  <testcase name="basePageNavigation" time="0.0" classname="SeleniumE2E.HomePage">
    <skipped/>
  </testcase> <!-- basePageNavigation -->
  <testcase name="basePageNavigation" time="0.0" classname="SeleniumE2E.Globaling">
    <skipped/>
  </testcase> <!-- basePageNavigation -->
</testsuite> <!-- Globaling Test -->
