<?xml version="1.0" encoding="UTF-8"?>
<testng-results skipped="0" failed="0" ignored="0" total="2" passed="2">
  <reporter-output>
  </reporter-output>
  <suite name="Suite" duration-ms="39962" started-at="2020-06-11T10:25:24 IST" finished-at="2020-06-11T10:26:04 IST">
    <groups>
    </groups>
    <test name="Test" duration-ms="39962" started-at="2020-06-11T10:25:24 IST" finished-at="2020-06-11T10:26:04 IST">
      <class name="SeleniumE2E.HomePage">
        <test-method status="PASS" signature="initlization()[pri:0, instance:SeleniumE2E.HomePage@23c30a20]" name="initlization" is-config="true" duration-ms="5881" started-at="2020-06-11T10:25:24 IST" finished-at="2020-06-11T10:25:30 IST">
          <reporter-output>
          </reporter-output>
        </test-method> <!-- initlization -->
        <test-method status="PASS" signature="basePageNavigation(java.lang.String, java.lang.String, java.lang.String)[pri:0, instance:SeleniumE2E.HomePage@23c30a20]" name="basePageNavigation" duration-ms="22379" started-at="2020-06-11T10:25:30 IST" data-provider="getdata" finished-at="2020-06-11T10:25:52 IST">
          <params>
            <param index="0">
              <value>
                <![CDATA[resticteduser@gmail.com]]>
              </value>
            </param>
            <param index="1">
              <value>
                <![CDATA[123]]>
              </value>
            </param>
            <param index="2">
              <value>
                <![CDATA[Restricted User]]>
              </value>
            </param>
          </params>
          <reporter-output>
          </reporter-output>
        </test-method> <!-- basePageNavigation -->
        <test-method status="PASS" signature="basePageNavigation(java.lang.String, java.lang.String, java.lang.String)[pri:0, instance:SeleniumE2E.HomePage@23c30a20]" name="basePageNavigation" duration-ms="11257" started-at="2020-06-11T10:25:52 IST" data-provider="getdata" finished-at="2020-06-11T10:26:04 IST">
          <params>
            <param index="0">
              <value>
                <![CDATA[nonrestricteduser@gmail.com]]>
              </value>
            </param>
            <param index="1">
              <value>
                <![CDATA[456]]>
              </value>
            </param>
            <param index="2">
              <value>
                <![CDATA[Non Restriced User]]>
              </value>
            </param>
          </params>
          <reporter-output>
          </reporter-output>
        </test-method> <!-- basePageNavigation -->
        <test-method status="PASS" signature="teardown()[pri:0, instance:SeleniumE2E.HomePage@23c30a20]" name="teardown" is-config="true" duration-ms="331" started-at="2020-06-11T10:26:04 IST" finished-at="2020-06-11T10:26:04 IST">
          <reporter-output>
          </reporter-output>
        </test-method> <!-- teardown -->
      </class> <!-- SeleniumE2E.HomePage -->
    </test> <!-- Test -->
  </suite> <!-- Suite -->
</testng-results>
